0 info it worked if it ends with ok
1 verbose cli [ 'C:\\Program Files\\nodejs\\node.exe',
1 verbose cli   'C:\\Program Files\\nodejs\\node_modules\\npm\\bin\\npm-cli.js',
1 verbose cli   'install',
1 verbose cli   'readlinesync' ]
2 info using npm@3.10.3
3 info using node@v6.6.0
4 silly loadCurrentTree Starting
5 silly install loadCurrentTree
6 silly install readLocalPackageData
7 silly fetchPackageMetaData readlinesync
8 silly fetchNamedPackageData readlinesync
9 silly mapToRegistry name readlinesync
10 silly mapToRegistry using default registry
11 silly mapToRegistry registry https://registry.npmjs.org/
12 silly mapToRegistry data Result {
12 silly mapToRegistry   raw: 'readlinesync',
12 silly mapToRegistry   scope: null,
12 silly mapToRegistry   escapedName: 'readlinesync',
12 silly mapToRegistry   name: 'readlinesync',
12 silly mapToRegistry   rawSpec: '',
12 silly mapToRegistry   spec: 'latest',
12 silly mapToRegistry   type: 'tag' }
13 silly mapToRegistry uri https://registry.npmjs.org/readlinesync
14 verbose request uri https://registry.npmjs.org/readlinesync
15 verbose request no auth needed
16 info attempt registry request try #1 at 4:11:40 PM
17 verbose request id c8393ca6bbbac9b3
18 http request GET https://registry.npmjs.org/readlinesync
19 http 200 https://registry.npmjs.org/readlinesync
20 verbose headers { server: 'nginx/1.10.1',
20 verbose headers   'content-type': 'application/json',
20 verbose headers   'last-modified': 'Sun, 23 Feb 2014 23:56:02 GMT',
20 verbose headers   etag: 'W/"530a8a92-26d"',
20 verbose headers   'content-encoding': 'gzip',
20 verbose headers   'cache-control': 'max-age=300',
20 verbose headers   'content-length': '315',
20 verbose headers   'accept-ranges': 'bytes',
20 verbose headers   date: 'Mon, 21 Nov 2016 21:11:41 GMT',
20 verbose headers   via: '1.1 varnish',
20 verbose headers   age: '0',
20 verbose headers   connection: 'keep-alive',
20 verbose headers   'x-served-by': 'cache-ord1735-ORD',
20 verbose headers   'x-cache': 'MISS',
20 verbose headers   'x-cache-hits': '0',
20 verbose headers   'x-timer': 'S1479762701.484836,VS0,VE43',
20 verbose headers   vary: 'Accept-Encoding' }
21 silly get cb [ 200,
21 silly get   { server: 'nginx/1.10.1',
21 silly get     'content-type': 'application/json',
21 silly get     'last-modified': 'Sun, 23 Feb 2014 23:56:02 GMT',
21 silly get     etag: 'W/"530a8a92-26d"',
21 silly get     'content-encoding': 'gzip',
21 silly get     'cache-control': 'max-age=300',
21 silly get     'content-length': '315',
21 silly get     'accept-ranges': 'bytes',
21 silly get     date: 'Mon, 21 Nov 2016 21:11:41 GMT',
21 silly get     via: '1.1 varnish',
21 silly get     age: '0',
21 silly get     connection: 'keep-alive',
21 silly get     'x-served-by': 'cache-ord1735-ORD',
21 silly get     'x-cache': 'MISS',
21 silly get     'x-cache-hits': '0',
21 silly get     'x-timer': 'S1479762701.484836,VS0,VE43',
21 silly get     vary: 'Accept-Encoding' } ]
22 verbose get saving readlinesync to C:\Users\Kenzie\AppData\Roaming\npm-cache\registry.npmjs.org\readlinesync\.cache.json
23 verbose correctMkdir C:\Users\Kenzie\AppData\Roaming\npm-cache correctMkdir not in flight; initializing
24 verbose stack TypeError: Cannot convert undefined or null to object
24 verbose stack     at pickVersionFromRegistryDocument (C:\Program Files\nodejs\node_modules\npm\lib\fetch-package-metadata.js:125:29)
24 verbose stack     at C:\Program Files\nodejs\node_modules\npm\node_modules\iferr\index.js:13:50
24 verbose stack     at C:\Program Files\nodejs\node_modules\npm\lib\utils\pulse-till-done.js:20:8
24 verbose stack     at saved (C:\Program Files\nodejs\node_modules\npm\lib\cache\caching-client.js:174:7)
24 verbose stack     at C:\Program Files\nodejs\node_modules\npm\node_modules\graceful-fs\polyfills.js:210:7
24 verbose stack     at FSReqWrap.oncomplete (fs.js:123:15)
25 verbose cwd G:\College\Programming\Projlogic\Project4
26 error Windows_NT 10.0.14393
27 error argv "C:\\Program Files\\nodejs\\node.exe" "C:\\Program Files\\nodejs\\node_modules\\npm\\bin\\npm-cli.js" "install" "readlinesync"
28 error node v6.6.0
29 error npm  v3.10.3
30 error Cannot convert undefined or null to object
31 error If you need help, you may report this error at:
31 error     <https://github.com/npm/npm/issues>
32 verbose exit [ 1, true ]
